This file contains any messages produced by compilers while
running configure, to aid debugging if configure makes a mistake.

It was created by DIETE configure 4.0, which was
generated by GNU Autoconf 2.71.  Invocation command line was

  $ ./configure

## --------- ##
## Platform. ##
## --------- ##

hostname = ometeotl.atmosfera.unam.mx
uname -m = x86_64
uname -r = 5.10.0-28-amd64
uname -s = Linux
uname -v = #1 SMP Debian 5.10.209-2 (2024-01-31)

/usr/bin/uname -p = unknown
/bin/uname -X     = unknown

/bin/arch              = x86_64
/usr/bin/arch -k       = unknown
/usr/convex/getsysinfo = unknown
/usr/bin/hostinfo      = unknown
/bin/machine           = unknown
/usr/bin/oslevel       = unknown
/bin/universe          = unknown

PATH: /LUSTRE/OPERATIVO/OPERATIVO2/modelos2/zlib/intel/2022/1.2.12/bin/
PATH: /LUSTRE/OPERATIVO/OPERATIVO2/modelos2/netcdf-c/intel/2022/4.8.1/bin/
PATH: /LUSTRE/OPERATIVO/OPERATIVO2/modelos2/libaec/intel/2022/1.0.6/bin/
PATH: /LUSTRE/OPERATIVO/OPERATIVO2/modelos2/hdf5/intel/2022/1.10.8/bin/
PATH: /LUSTRE/OPERATIVO/OPERATIVO2/modelos2/netcdf-fortran/intel/2022/4.5.4/bin/
PATH: /opt/software/apps/intel/oneapi/mpi/2021.5.1/libfabric/bin/
PATH: /opt/software/apps/intel/oneapi/mpi/2021.5.1/bin/
PATH: /LUSTRE/OPERATIVO/OPERATIVO2/modelos2/libpng/intel/2022/1.6.37/bin/
PATH: /LUSTRE/OPERATIVO/OPERATIVO2/modelos2/jasper/intel/2022/1.900.22/bin/
PATH: /LUSTRE/OPERATIVO/OPERATIVO2/modelos2/curl/intel/2022/7.82.0/bin/
PATH: /opt/software/apps/intel/oneapi/compiler/2022.0.2/linux/bin/intel64/
PATH: /opt/software/apps/intel/oneapi/compiler/2022.0.2/linux/bin/
PATH: /opt/librerias/pgi/ncl-6.4.0/lib/
PATH: /usr/local/bin/
PATH: /usr/bin/
PATH: /bin/
PATH: /usr/local/games/
PATH: /usr/games/


## ----------- ##
## Core tests. ##
## ----------- ##

configure:2265: looking for aux files: compile missing install-sh
configure:2278:  trying ./autoconf/
configure:2307:   ./autoconf/compile found
configure:2307:   ./autoconf/missing found
configure:2289:   ./autoconf/install-sh found
configure:2438: checking for a BSD-compatible install
configure:2511: result: /usr/bin/install -c
configure:2522: checking whether build environment is sane
configure:2577: result: yes
configure:2736: checking for a race-free mkdir -p
configure:2780: result: /usr/bin/mkdir -p
configure:2787: checking for gawk
configure:2808: found /usr/bin/gawk
configure:2819: result: gawk
configure:2830: checking whether make sets $(MAKE)
configure:2853: result: yes
configure:2883: checking whether make supports nested variables
configure:2901: result: yes
configure:3053: checking for gawk
configure:3085: result: gawk
configure:3096: checking whether ln -s works
configure:3100: result: yes
configure:3107: checking whether make sets $(MAKE)
configure:3130: result: yes
configure:3152: checking whether make supports the include directive
configure:3167: make -f confmf.GNU && cat confinc.out
this is the am__doit target
configure:3170: $? = 0
configure:3189: result: yes (GNU style)
configure:3265: checking for gcc
configure:3297: result: icc
configure:3650: checking for C compiler version
configure:3659: icc --version >&5
icc (ICC) 2021.5.0 20211109
Copyright (C) 1985-2021 Intel Corporation.  All rights reserved.

configure:3670: $? = 0
configure:3659: icc -v >&5
icc version 2021.5.0 (gcc version 10.2.1 compatibility)
configure:3670: $? = 0
configure:3659: icc -V >&5
Intel(R) C Intel(R) 64 Compiler Classic for applications running on Intel(R) 64, Version 2021.5.0 Build 20211109_000000
Copyright (C) 1985-2021 Intel Corporation.  All rights reserved.

configure:3670: $? = 0
configure:3659: icc -qversion >&5
icc: command line warning #10006: ignoring unknown option '-qversion'
icc: command line error: no files specified; for help type "icc -help"
configure:3670: $? = 1
configure:3659: icc -version >&5
icc: command line warning #10006: ignoring unknown option '-version'
icc: command line error: no files specified; for help type "icc -help"
configure:3670: $? = 1
configure:3690: checking whether the C compiler works
configure:3712: icc -diag-disable=10441 -ip -fp-model precise -I/LUSTRE/OPERATIVO/OPERATIVO2/modelos2/zlib/intel/2022/1.2.12/include -I/LUSTRE/OPERATIVO/OPERATIVO2/modelos2/netcdf-c/intel/2022/4.8.1/include -I/LUSTRE/OPERATIVO/OPERATIVO2/modelos2/libaec/intel/2022/1.0.6/include -I/LUSTRE/OPERATIVO/OPERATIVO2/modelos2/hdf5/intel/2022/1.10.8/include -I/LUSTRE/OPERATIVO/OPERATIVO2/modelos2/netcdf-fortran/intel/2022/4.5.4/include -I/LUSTRE/OPERATIVO/OPERATIVO2/modelos2/libpng/intel/2022/1.6.37/include -I/LUSTRE/OPERATIVO/OPERATIVO2/modelos2/jasper/intel/2022/1.900.22/include -I/LUSTRE/OPERATIVO/OPERATIVO2/modelos2/curl/intel/2022/7.82.0/include -L/LUSTRE/OPERATIVO/OPERATIVO2/modelos2/zlib/intel/2022/1.2.12/lib -Wl,-rpath=/LUSTRE/OPERATIVO/OPERATIVO2/modelos2/zlib/intel/2022/1.2.12/lib -L/LUSTRE/OPERATIVO/OPERATIVO2/modelos2/netcdf-c/intel/2022/4.8.1/lib -Wl,-rpath=/LUSTRE/OPERATIVO/OPERATIVO2/modelos2/netcdf-c/intel/2022/4.8.1/lib -L/LUSTRE/OPERATIVO/OPERATIVO2/modelos2/libaec/intel/2022/1.0.6/lib -Wl,-rpath=/LUSTRE/OPERATIVO/OPERATIVO2/modelos2/libaec/intel/2022/1.0.6/lib -L/LUSTRE/OPERATIVO/OPERATIVO2/modelos2/hdf5/intel/2022/1.10.8/lib -Wl,-rpath=/LUSTRE/OPERATIVO/OPERATIVO2/modelos2/hdf5/intel/2022/1.10.8/lib -L/LUSTRE/OPERATIVO/OPERATIVO2/modelos2/netcdf-fortran/intel/2022/4.5.4/lib -Wl,-rpath=/LUSTRE/OPERATIVO/OPERATIVO2/modelos2/netcdf-fortran/intel/2022/4.5.4/lib -L/LUSTRE/OPERATIVO/OPERATIVO2/modelos2/libpng/intel/2022/1.6.37/lib -Wl,-rpath=/LUSTRE/OPERATIVO/OPERATIVO2/modelos2/libpng/intel/2022/1.6.37/lib -L/LUSTRE/OPERATIVO/OPERATIVO2/modelos2/jasper/intel/2022/1.900.22/lib -Wl,-rpath=/LUSTRE/OPERATIVO/OPERATIVO2/modelos2/jasper/intel/2022/1.900.22/lib -L/LUSTRE/OPERATIVO/OPERATIVO2/modelos2/curl/intel/2022/7.82.0/lib -Wl,-rpath=/LUSTRE/OPERATIVO/OPERATIVO2/modelos2/curl/intel/2022/7.82.0/lib conftest.c  >&5
configure:3716: $? = 0
configure:3766: result: yes
configure:3769: checking for C compiler default output file name
configure:3771: result: a.out
configure:3777: checking for suffix of executables
configure:3784: icc -o conftest -diag-disable=10441 -ip -fp-model precise -I/LUSTRE/OPERATIVO/OPERATIVO2/modelos2/zlib/intel/2022/1.2.12/include -I/LUSTRE/OPERATIVO/OPERATIVO2/modelos2/netcdf-c/intel/2022/4.8.1/include -I/LUSTRE/OPERATIVO/OPERATIVO2/modelos2/libaec/intel/2022/1.0.6/include -I/LUSTRE/OPERATIVO/OPERATIVO2/modelos2/hdf5/intel/2022/1.10.8/include -I/LUSTRE/OPERATIVO/OPERATIVO2/modelos2/netcdf-fortran/intel/2022/4.5.4/include -I/LUSTRE/OPERATIVO/OPERATIVO2/modelos2/libpng/intel/2022/1.6.37/include -I/LUSTRE/OPERATIVO/OPERATIVO2/modelos2/jasper/intel/2022/1.900.22/include -I/LUSTRE/OPERATIVO/OPERATIVO2/modelos2/curl/intel/2022/7.82.0/include -L/LUSTRE/OPERATIVO/OPERATIVO2/modelos2/zlib/intel/2022/1.2.12/lib -Wl,-rpath=/LUSTRE/OPERATIVO/OPERATIVO2/modelos2/zlib/intel/2022/1.2.12/lib -L/LUSTRE/OPERATIVO/OPERATIVO2/modelos2/netcdf-c/intel/2022/4.8.1/lib -Wl,-rpath=/LUSTRE/OPERATIVO/OPERATIVO2/modelos2/netcdf-c/intel/2022/4.8.1/lib -L/LUSTRE/OPERATIVO/OPERATIVO2/modelos2/libaec/intel/2022/1.0.6/lib -Wl,-rpath=/LUSTRE/OPERATIVO/OPERATIVO2/modelos2/libaec/intel/2022/1.0.6/lib -L/LUSTRE/OPERATIVO/OPERATIVO2/modelos2/hdf5/intel/2022/1.10.8/lib -Wl,-rpath=/LUSTRE/OPERATIVO/OPERATIVO2/modelos2/hdf5/intel/2022/1.10.8/lib -L/LUSTRE/OPERATIVO/OPERATIVO2/modelos2/netcdf-fortran/intel/2022/4.5.4/lib -Wl,-rpath=/LUSTRE/OPERATIVO/OPERATIVO2/modelos2/netcdf-fortran/intel/2022/4.5.4/lib -L/LUSTRE/OPERATIVO/OPERATIVO2/modelos2/libpng/intel/2022/1.6.37/lib -Wl,-rpath=/LUSTRE/OPERATIVO/OPERATIVO2/modelos2/libpng/intel/2022/1.6.37/lib -L/LUSTRE/OPERATIVO/OPERATIVO2/modelos2/jasper/intel/2022/1.900.22/lib -Wl,-rpath=/LUSTRE/OPERATIVO/OPERATIVO2/modelos2/jasper/intel/2022/1.900.22/lib -L/LUSTRE/OPERATIVO/OPERATIVO2/modelos2/curl/intel/2022/7.82.0/lib -Wl,-rpath=/LUSTRE/OPERATIVO/OPERATIVO2/modelos2/curl/intel/2022/7.82.0/lib conftest.c  >&5
configure:3788: $? = 0
configure:3811: result: 
configure:3833: checking whether we are cross compiling
configure:3841: icc -o conftest -diag-disable=10441 -ip -fp-model precise -I/LUSTRE/OPERATIVO/OPERATIVO2/modelos2/zlib/intel/2022/1.2.12/include -I/LUSTRE/OPERATIVO/OPERATIVO2/modelos2/netcdf-c/intel/2022/4.8.1/include -I/LUSTRE/OPERATIVO/OPERATIVO2/modelos2/libaec/intel/2022/1.0.6/include -I/LUSTRE/OPERATIVO/OPERATIVO2/modelos2/hdf5/intel/2022/1.10.8/include -I/LUSTRE/OPERATIVO/OPERATIVO2/modelos2/netcdf-fortran/intel/2022/4.5.4/include -I/LUSTRE/OPERATIVO/OPERATIVO2/modelos2/libpng/intel/2022/1.6.37/include -I/LUSTRE/OPERATIVO/OPERATIVO2/modelos2/jasper/intel/2022/1.900.22/include -I/LUSTRE/OPERATIVO/OPERATIVO2/modelos2/curl/intel/2022/7.82.0/include -L/LUSTRE/OPERATIVO/OPERATIVO2/modelos2/zlib/intel/2022/1.2.12/lib -Wl,-rpath=/LUSTRE/OPERATIVO/OPERATIVO2/modelos2/zlib/intel/2022/1.2.12/lib -L/LUSTRE/OPERATIVO/OPERATIVO2/modelos2/netcdf-c/intel/2022/4.8.1/lib -Wl,-rpath=/LUSTRE/OPERATIVO/OPERATIVO2/modelos2/netcdf-c/intel/2022/4.8.1/lib -L/LUSTRE/OPERATIVO/OPERATIVO2/modelos2/libaec/intel/2022/1.0.6/lib -Wl,-rpath=/LUSTRE/OPERATIVO/OPERATIVO2/modelos2/libaec/intel/2022/1.0.6/lib -L/LUSTRE/OPERATIVO/OPERATIVO2/modelos2/hdf5/intel/2022/1.10.8/lib -Wl,-rpath=/LUSTRE/OPERATIVO/OPERATIVO2/modelos2/hdf5/intel/2022/1.10.8/lib -L/LUSTRE/OPERATIVO/OPERATIVO2/modelos2/netcdf-fortran/intel/2022/4.5.4/lib -Wl,-rpath=/LUSTRE/OPERATIVO/OPERATIVO2/modelos2/netcdf-fortran/intel/2022/4.5.4/lib -L/LUSTRE/OPERATIVO/OPERATIVO2/modelos2/libpng/intel/2022/1.6.37/lib -Wl,-rpath=/LUSTRE/OPERATIVO/OPERATIVO2/modelos2/libpng/intel/2022/1.6.37/lib -L/LUSTRE/OPERATIVO/OPERATIVO2/modelos2/jasper/intel/2022/1.900.22/lib -Wl,-rpath=/LUSTRE/OPERATIVO/OPERATIVO2/modelos2/jasper/intel/2022/1.900.22/lib -L/LUSTRE/OPERATIVO/OPERATIVO2/modelos2/curl/intel/2022/7.82.0/lib -Wl,-rpath=/LUSTRE/OPERATIVO/OPERATIVO2/modelos2/curl/intel/2022/7.82.0/lib conftest.c  >&5
configure:3845: $? = 0
configure:3852: ./conftest
configure:3856: $? = 0
configure:3871: result: no
configure:3876: checking for suffix of object files
configure:3899: icc -c -diag-disable=10441 -ip -fp-model precise -I/LUSTRE/OPERATIVO/OPERATIVO2/modelos2/zlib/intel/2022/1.2.12/include -I/LUSTRE/OPERATIVO/OPERATIVO2/modelos2/netcdf-c/intel/2022/4.8.1/include -I/LUSTRE/OPERATIVO/OPERATIVO2/modelos2/libaec/intel/2022/1.0.6/include -I/LUSTRE/OPERATIVO/OPERATIVO2/modelos2/hdf5/intel/2022/1.10.8/include -I/LUSTRE/OPERATIVO/OPERATIVO2/modelos2/netcdf-fortran/intel/2022/4.5.4/include -I/LUSTRE/OPERATIVO/OPERATIVO2/modelos2/libpng/intel/2022/1.6.37/include -I/LUSTRE/OPERATIVO/OPERATIVO2/modelos2/jasper/intel/2022/1.900.22/include -I/LUSTRE/OPERATIVO/OPERATIVO2/modelos2/curl/intel/2022/7.82.0/include conftest.c >&5
configure:3903: $? = 0
configure:3925: result: o
configure:3929: checking whether the compiler supports GNU C
configure:3949: icc -c -diag-disable=10441 -ip -fp-model precise -I/LUSTRE/OPERATIVO/OPERATIVO2/modelos2/zlib/intel/2022/1.2.12/include -I/LUSTRE/OPERATIVO/OPERATIVO2/modelos2/netcdf-c/intel/2022/4.8.1/include -I/LUSTRE/OPERATIVO/OPERATIVO2/modelos2/libaec/intel/2022/1.0.6/include -I/LUSTRE/OPERATIVO/OPERATIVO2/modelos2/hdf5/intel/2022/1.10.8/include -I/LUSTRE/OPERATIVO/OPERATIVO2/modelos2/netcdf-fortran/intel/2022/4.5.4/include -I/LUSTRE/OPERATIVO/OPERATIVO2/modelos2/libpng/intel/2022/1.6.37/include -I/LUSTRE/OPERATIVO/OPERATIVO2/modelos2/jasper/intel/2022/1.900.22/include -I/LUSTRE/OPERATIVO/OPERATIVO2/modelos2/curl/intel/2022/7.82.0/include conftest.c >&5
configure:3949: $? = 0
configure:3959: result: yes
configure:3970: checking whether icc accepts -g
configure:3991: icc -c -g -I/LUSTRE/OPERATIVO/OPERATIVO2/modelos2/zlib/intel/2022/1.2.12/include -I/LUSTRE/OPERATIVO/OPERATIVO2/modelos2/netcdf-c/intel/2022/4.8.1/include -I/LUSTRE/OPERATIVO/OPERATIVO2/modelos2/libaec/intel/2022/1.0.6/include -I/LUSTRE/OPERATIVO/OPERATIVO2/modelos2/hdf5/intel/2022/1.10.8/include -I/LUSTRE/OPERATIVO/OPERATIVO2/modelos2/netcdf-fortran/intel/2022/4.5.4/include -I/LUSTRE/OPERATIVO/OPERATIVO2/modelos2/libpng/intel/2022/1.6.37/include -I/LUSTRE/OPERATIVO/OPERATIVO2/modelos2/jasper/intel/2022/1.900.22/include -I/LUSTRE/OPERATIVO/OPERATIVO2/modelos2/curl/intel/2022/7.82.0/include conftest.c >&5
configure:3991: $? = 0
configure:4035: result: yes
configure:4055: checking for icc option to enable C11 features
configure:4070: icc  -c -diag-disable=10441 -ip -fp-model precise -I/LUSTRE/OPERATIVO/OPERATIVO2/modelos2/zlib/intel/2022/1.2.12/include -I/LUSTRE/OPERATIVO/OPERATIVO2/modelos2/netcdf-c/intel/2022/4.8.1/include -I/LUSTRE/OPERATIVO/OPERATIVO2/modelos2/libaec/intel/2022/1.0.6/include -I/LUSTRE/OPERATIVO/OPERATIVO2/modelos2/hdf5/intel/2022/1.10.8/include -I/LUSTRE/OPERATIVO/OPERATIVO2/modelos2/netcdf-fortran/intel/2022/4.5.4/include -I/LUSTRE/OPERATIVO/OPERATIVO2/modelos2/libpng/intel/2022/1.6.37/include -I/LUSTRE/OPERATIVO/OPERATIVO2/modelos2/jasper/intel/2022/1.900.22/include -I/LUSTRE/OPERATIVO/OPERATIVO2/modelos2/curl/intel/2022/7.82.0/include conftest.c >&5
configure:4070: $? = 0
configure:4088: result: none needed
configure:4204: checking whether icc understands -c and -o together
configure:4227: icc -c conftest.c -o conftest2.o
configure:4230: $? = 0
configure:4227: icc -c conftest.c -o conftest2.o
configure:4230: $? = 0
configure:4242: result: yes
configure:4261: checking dependency style of icc
configure:4373: result: none
configure:4393: checking how to run the C preprocessor
configure:4419: icc -E -I/LUSTRE/OPERATIVO/OPERATIVO2/modelos2/zlib/intel/2022/1.2.12/include -I/LUSTRE/OPERATIVO/OPERATIVO2/modelos2/netcdf-c/intel/2022/4.8.1/include -I/LUSTRE/OPERATIVO/OPERATIVO2/modelos2/libaec/intel/2022/1.0.6/include -I/LUSTRE/OPERATIVO/OPERATIVO2/modelos2/hdf5/intel/2022/1.10.8/include -I/LUSTRE/OPERATIVO/OPERATIVO2/modelos2/netcdf-fortran/intel/2022/4.5.4/include -I/LUSTRE/OPERATIVO/OPERATIVO2/modelos2/libpng/intel/2022/1.6.37/include -I/LUSTRE/OPERATIVO/OPERATIVO2/modelos2/jasper/intel/2022/1.900.22/include -I/LUSTRE/OPERATIVO/OPERATIVO2/modelos2/curl/intel/2022/7.82.0/include conftest.c
configure:4419: $? = 0
configure:4434: icc -E -I/LUSTRE/OPERATIVO/OPERATIVO2/modelos2/zlib/intel/2022/1.2.12/include -I/LUSTRE/OPERATIVO/OPERATIVO2/modelos2/netcdf-c/intel/2022/4.8.1/include -I/LUSTRE/OPERATIVO/OPERATIVO2/modelos2/libaec/intel/2022/1.0.6/include -I/LUSTRE/OPERATIVO/OPERATIVO2/modelos2/hdf5/intel/2022/1.10.8/include -I/LUSTRE/OPERATIVO/OPERATIVO2/modelos2/netcdf-fortran/intel/2022/4.5.4/include -I/LUSTRE/OPERATIVO/OPERATIVO2/modelos2/libpng/intel/2022/1.6.37/include -I/LUSTRE/OPERATIVO/OPERATIVO2/modelos2/jasper/intel/2022/1.900.22/include -I/LUSTRE/OPERATIVO/OPERATIVO2/modelos2/curl/intel/2022/7.82.0/include conftest.c
conftest.c(11): error #2379: cannot open source file "ac_nonexistent.h"
  #include <ac_nonexistent.h>
                             ^

configure:4434: $? = 2
configure: failed program was:
| /* confdefs.h */
| #define PACKAGE_NAME "DIETE"
| #define PACKAGE_TARNAME "diete"
| #define PACKAGE_VERSION "4.0"
| #define PACKAGE_STRING "DIETE 4.0"
| #define PACKAGE_BUGREPORT "agustin@atmosfera.unam.mx"
| #define PACKAGE_URL ""
| #define PACKAGE "diete"
| #define VERSION "4.0"
| /* end confdefs.h.  */
| #include <ac_nonexistent.h>
configure:4461: result: icc -E
configure:4475: icc -E -I/LUSTRE/OPERATIVO/OPERATIVO2/modelos2/zlib/intel/2022/1.2.12/include -I/LUSTRE/OPERATIVO/OPERATIVO2/modelos2/netcdf-c/intel/2022/4.8.1/include -I/LUSTRE/OPERATIVO/OPERATIVO2/modelos2/libaec/intel/2022/1.0.6/include -I/LUSTRE/OPERATIVO/OPERATIVO2/modelos2/hdf5/intel/2022/1.10.8/include -I/LUSTRE/OPERATIVO/OPERATIVO2/modelos2/netcdf-fortran/intel/2022/4.5.4/include -I/LUSTRE/OPERATIVO/OPERATIVO2/modelos2/libpng/intel/2022/1.6.37/include -I/LUSTRE/OPERATIVO/OPERATIVO2/modelos2/jasper/intel/2022/1.900.22/include -I/LUSTRE/OPERATIVO/OPERATIVO2/modelos2/curl/intel/2022/7.82.0/include conftest.c
configure:4475: $? = 0
configure:4490: icc -E -I/LUSTRE/OPERATIVO/OPERATIVO2/modelos2/zlib/intel/2022/1.2.12/include -I/LUSTRE/OPERATIVO/OPERATIVO2/modelos2/netcdf-c/intel/2022/4.8.1/include -I/LUSTRE/OPERATIVO/OPERATIVO2/modelos2/libaec/intel/2022/1.0.6/include -I/LUSTRE/OPERATIVO/OPERATIVO2/modelos2/hdf5/intel/2022/1.10.8/include -I/LUSTRE/OPERATIVO/OPERATIVO2/modelos2/netcdf-fortran/intel/2022/4.5.4/include -I/LUSTRE/OPERATIVO/OPERATIVO2/modelos2/libpng/intel/2022/1.6.37/include -I/LUSTRE/OPERATIVO/OPERATIVO2/modelos2/jasper/intel/2022/1.900.22/include -I/LUSTRE/OPERATIVO/OPERATIVO2/modelos2/curl/intel/2022/7.82.0/include conftest.c
conftest.c(11): error #2379: cannot open source file "ac_nonexistent.h"
  #include <ac_nonexistent.h>
                             ^

configure:4490: $? = 2
configure: failed program was:
| /* confdefs.h */
| #define PACKAGE_NAME "DIETE"
| #define PACKAGE_TARNAME "diete"
| #define PACKAGE_VERSION "4.0"
| #define PACKAGE_STRING "DIETE 4.0"
| #define PACKAGE_BUGREPORT "agustin@atmosfera.unam.mx"
| #define PACKAGE_URL ""
| #define PACKAGE "diete"
| #define VERSION "4.0"
| /* end confdefs.h.  */
| #include <ac_nonexistent.h>
configure:4643: checking for Fortran compiler version
configure:4652: ifort --version >&5
ifort (IFORT) 2021.5.0 20211109
Copyright (C) 1985-2021 Intel Corporation.  All rights reserved.

configure:4663: $? = 0
configure:4652: ifort -v >&5
ifort version 2021.5.0
configure:4663: $? = 0
configure:4652: ifort -V >&5
Intel(R) Fortran Intel(R) 64 Compiler Classic for applications running on Intel(R) 64, Version 2021.5.0 Build 20211109_000000
Copyright (C) 1985-2021 Intel Corporation.  All rights reserved.

configure:4663: $? = 0
configure:4652: ifort -qversion >&5
ifort: command line warning #10006: ignoring unknown option '-qversion'
ifort: command line error: no files specified; for help type "ifort -help"
configure:4663: $? = 1
configure:4672: checking whether the compiler supports GNU Fortran
configure:4686: ifort -c -diag-disable=10441 -ip -fp-model precise  conftest.F >&5
conftest.F(3): error #5082: Syntax error, found END-OF-STATEMENT when expecting one of: ( : % [ . = =>
       choke me
---------------^
conftest.F(3): error #6218: This statement is positioned incorrectly and/or has syntax errors.
       choke me
-------^
compilation aborted for conftest.F (code 1)
configure:4686: $? = 1
configure: failed program was:
|       program main
| #ifndef __GNUC__
|        choke me
| #endif
| 
|       end
configure:4696: result: no
configure:4704: checking whether ifort accepts -g
configure:4716: ifort -c -g  conftest.f >&5
configure:4716: $? = 0
configure:4725: result: yes
configure:4773: checking for Fortran flag needed to accept free-form source
configure:4793: ifort -c -diag-disable=10441 -ip -fp-model precise  conftest.f >&5
conftest.f(2): error #5149: Illegal character in statement label field  [p]
  program freeform
--^
conftest.f(2): error #5149: Illegal character in statement label field  [r]
  program freeform
---^
conftest.f(2): error #5149: Illegal character in statement label field  [o]
  program freeform
----^
conftest.f(2): error #5118: First statement in file must not be continued
  program freeform
-----^
conftest.f(2): error #5082: Syntax error, found END-OF-STATEMENT when expecting one of: ( : % [ . = =>
  program freeform
------------------^
conftest.f(4): error #5082: Syntax error, found '&' when expecting one of: ( <IDENTIFIER> <CHAR_CON_KIND_PARAM> <CHAR_NAM_KIND_PARAM> <CHARACTER_CONSTANT> <INTEGER_CONSTANT> ...
       print *, 'Hello ', &
--------------------------^
conftest.f(5): error #5082: Syntax error, found END-OF-STATEMENT when expecting one of: (
          'world.'
------------------^
conftest.f(5): error #6274: This statement must not appear in the specification part of a module.
          'world.'
----------^
compilation aborted for conftest.f (code 1)
configure:4793: $? = 1
configure: failed program was:
| 
|   program freeform
|        ! FIXME: how to best confuse non-freeform compilers?
|        print *, 'Hello ', &
|           'world.'
|        end
configure:4793: ifort -c -diag-disable=10441 -ip -fp-model precise -ffree-form  conftest.f >&5
ifort: command line warning #10006: ignoring unknown option '-ffree-form'
conftest.f(2): error #5149: Illegal character in statement label field  [p]
  program freeform
--^
conftest.f(2): error #5149: Illegal character in statement label field  [r]
  program freeform
---^
conftest.f(2): error #5149: Illegal character in statement label field  [o]
  program freeform
----^
conftest.f(2): error #5118: First statement in file must not be continued
  program freeform
-----^
conftest.f(2): error #5082: Syntax error, found END-OF-STATEMENT when expecting one of: ( : % [ . = =>
  program freeform
------------------^
conftest.f(4): error #5082: Syntax error, found '&' when expecting one of: ( <IDENTIFIER> <CHAR_CON_KIND_PARAM> <CHAR_NAM_KIND_PARAM> <CHARACTER_CONSTANT> <INTEGER_CONSTANT> ...
       print *, 'Hello ', &
--------------------------^
conftest.f(5): error #5082: Syntax error, found END-OF-STATEMENT when expecting one of: (
          'world.'
------------------^
conftest.f(5): error #6274: This statement must not appear in the specification part of a module.
          'world.'
----------^
compilation aborted for conftest.f (code 1)
configure:4793: $? = 1
configure: failed program was:
| 
|   program freeform
|        ! FIXME: how to best confuse non-freeform compilers?
|        print *, 'Hello ', &
|           'world.'
|        end
configure:4793: ifort -c -diag-disable=10441 -ip -fp-model precise -FR  conftest.f >&5
configure:4793: $? = 0
configure:4803: result: -FR
configure:4829: checking for NEWUNIT support
configure:4838: ifort -c -diag-disable=10441 -ip -fp-model precise -FR  conftest.f >&5
configure:4838: $? = 0
configure:4853: result: yes
configure:4867: checking for nf-config
configure:4888: found /LUSTRE/OPERATIVO/OPERATIVO2/modelos2/netcdf-c/intel/2022/4.8.1/bin/nf-config
configure:4899: result: nf-config
configure:4958: checking for ncdump
configure:4981: found /LUSTRE/OPERATIVO/OPERATIVO2/modelos2/netcdf-c/intel/2022/4.8.1/bin/ncdump
configure:4993: result: /LUSTRE/OPERATIVO/OPERATIVO2/modelos2/netcdf-c/intel/2022/4.8.1/bin/ncdump
configure:5010: setting netcdf root directory NETCDF_ROOT=/LUSTRE/OPERATIVO/OPERATIVO2/modelos2/netcdf-c/intel/2022/4.8.1
configure:5012: checking for the existence of the netcdf root directory
configure:5016: result: /LUSTRE/OPERATIVO/OPERATIVO2/modelos2/netcdf-c/intel/2022/4.8.1
configure:5023: checking for netCDF include directory
configure:5029: result: /LUSTRE/OPERATIVO/OPERATIVO2/modelos2/netcdf-c/intel/2022/4.8.1/include
configure:5031: checking for the existence of the netcdf include directory
configure:5035: result: ok
configure:5040: checking for file netcdf.mod in the include directory
configure:5044: result: ok
configure:5056: checking for netCDF library directory
configure:5062: result: -L/LUSTRE/OPERATIVO/OPERATIVO2/modelos2/netcdf-c/intel/2022/4.8.1/lib -lnetcdff -L/LUSTRE/OPERATIVO/OPERATIVO2/modelos2/netcdf-c/intel/2022/4.8.1/lib -Wl,-rpath=/LUSTRE/OPERATIVO/OPERATIVO2/modelos2/netcdf-c/intel/2022/4.8.1/lib -L/LUSTRE/OPERATIVO/OPERATIVO2/modelos2/hdf5/intel/2022/1.10.8/lib -Wl,-rpath=/LUSTRE/OPERATIVO/OPERATIVO2/modelos2/hdf5/intel/2022/1.10.8/lib -L/LUSTRE/OPERATIVO/OPERATIVO2/modelos2/jasper/intel/2022/1.900.22/lib -Wl,-rpath=/LUSTRE/OPERATIVO/OPERATIVO2/modelos2/jasper/intel/2022/1.900.22/lib -L/LUSTRE/OPERATIVO/OPERATIVO2/modelos2/libpng/intel/2022/1.6.37/lib -Wl,-rpath=/LUSTRE/OPERATIVO/OPERATIVO2/modelos2/libpng/intel/2022/1.6.37/lib -L/LUSTRE/OPERATIVO/OPERATIVO2/modelos2/curl/intel/2022/7.82.0/lib -Wl,-rpath=/LUSTRE/OPERATIVO/OPERATIVO2/modelos2/curl/intel/2022/7.82.0/lib -L/LUSTRE/OPERATIVO/OPERATIVO2/modelos2/libaec/intel/2022/1.0.6/lib -Wl,-rpath=/LUSTRE/OPERATIVO/OPERATIVO2/modelos2/libaec/intel/2022/1.0.6/lib -L/LUSTRE/OPERATIVO/OPERATIVO2/modelos2/zlib/intel/2022/1.2.12/lib -Wl,-rpath=/LUSTRE/OPERATIVO/OPERATIVO2/modelos2/zlib/intel/2022/1.2.12/lib -lnetcdf -lnetcdf -lm 
configure:5385: checking that generated files are newer than configure
configure:5391: result: done
configure:5430: creating ./config.status

## ---------------------- ##
## Running config.status. ##
## ---------------------- ##

This file was extended by DIETE config.status 4.0, which was
generated by GNU Autoconf 2.71.  Invocation command line was

  CONFIG_FILES    = 
  CONFIG_HEADERS  = 
  CONFIG_LINKS    = 
  CONFIG_COMMANDS = 
  $ ./config.status 

on ometeotl.atmosfera.unam.mx

config.status:812: creating Makefile
config.status:812: creating Sources/Makefile
config.status:812: creating Sources/testsuite/Makefile
config.status:984: executing Sources/testsuite/atconfig commands
config.status:984: executing depfiles commands
configure:6589: ---------------------------------------------------------
configure:6591: Configuration complete - DIETE-4.0 (serial)
configure:6593: 
configure:6601: Single precision:           --with-r4=no
configure:6603: Fortran compiler:           FC=ifort
configure:6611: Enable parallel version:    --enable-parallel=no
configure:6614: Fortran flags:              FCFLAGS=-diag-disable=10441 -ip -fp-model precise -FR -O2
configure:6616: Fortran OPENMPI:            OPENMP_FCFLAGS=
configure:6618: Root directory of netcdf:   NETCDF=/LUSTRE/OPERATIVO/OPERATIVO2/modelos2/netcdf-c/intel/2022/4.8.1
configure:6620: Compiler flags for netcdf:  NC_INC=-I/LUSTRE/OPERATIVO/OPERATIVO2/modelos2/netcdf-c/intel/2022/4.8.1/include
configure:6622: Linker flags for netcdf:    NC_LIB=-L/LUSTRE/OPERATIVO/OPERATIVO2/modelos2/netcdf-c/intel/2022/4.8.1/lib -lnetcdff -L/LUSTRE/OPERATIVO/OPERATIVO2/modelos2/netcdf-c/intel/2022/4.8.1/lib -Wl,-rpath=/LUSTRE/OPERATIVO/OPERATIVO2/modelos2/netcdf-c/intel/2022/4.8.1/lib -L/LUSTRE/OPERATIVO/OPERATIVO2/modelos2/hdf5/intel/2022/1.10.8/lib -Wl,-rpath=/LUSTRE/OPERATIVO/OPERATIVO2/modelos2/hdf5/intel/2022/1.10.8/lib -L/LUSTRE/OPERATIVO/OPERATIVO2/modelos2/jasper/intel/2022/1.900.22/lib -Wl,-rpath=/LUSTRE/OPERATIVO/OPERATIVO2/modelos2/jasper/intel/2022/1.900.22/lib -L/LUSTRE/OPERATIVO/OPERATIVO2/modelos2/libpng/intel/2022/1.6.37/lib -Wl,-rpath=/LUSTRE/OPERATIVO/OPERATIVO2/modelos2/libpng/intel/2022/1.6.37/lib -L/LUSTRE/OPERATIVO/OPERATIVO2/modelos2/curl/intel/2022/7.82.0/lib -Wl,-rpath=/LUSTRE/OPERATIVO/OPERATIVO2/modelos2/curl/intel/2022/7.82.0/lib -L/LUSTRE/OPERATIVO/OPERATIVO2/modelos2/libaec/intel/2022/1.0.6/lib -Wl,-rpath=/LUSTRE/OPERATIVO/OPERATIVO2/modelos2/libaec/intel/2022/1.0.6/lib -L/LUSTRE/OPERATIVO/OPERATIVO2/modelos2/zlib/intel/2022/1.2.12/lib -Wl,-rpath=/LUSTRE/OPERATIVO/OPERATIVO2/modelos2/zlib/intel/2022/1.2.12/lib -lnetcdf -lnetcdf -lm 
configure:6624: Fortran compiler netcdf:    NC_FC=ifort 
configure:6626: Install prefix:             --prefix=/LUSTRE/ID/FQA/agustin/emis_2018
configure:6628: Executables install prefix: --exec_prefix=${prefix}
configure:6630: Binary directory:           --bindir=${exec_prefix}/bin
configure:6632: ---------------------------------------------------------

## ---------------- ##
## Cache variables. ##
## ---------------- ##

ac_cv_c_compiler_gnu=yes
ac_cv_env_CC_set=set
ac_cv_env_CC_value=icc
ac_cv_env_CFLAGS_set=set
ac_cv_env_CFLAGS_value='-diag-disable=10441 -ip -fp-model precise'
ac_cv_env_CPPFLAGS_set=set
ac_cv_env_CPPFLAGS_value='-I/LUSTRE/OPERATIVO/OPERATIVO2/modelos2/zlib/intel/2022/1.2.12/include -I/LUSTRE/OPERATIVO/OPERATIVO2/modelos2/netcdf-c/intel/2022/4.8.1/include -I/LUSTRE/OPERATIVO/OPERATIVO2/modelos2/libaec/intel/2022/1.0.6/include -I/LUSTRE/OPERATIVO/OPERATIVO2/modelos2/hdf5/intel/2022/1.10.8/include -I/LUSTRE/OPERATIVO/OPERATIVO2/modelos2/netcdf-fortran/intel/2022/4.5.4/include -I/LUSTRE/OPERATIVO/OPERATIVO2/modelos2/libpng/intel/2022/1.6.37/include -I/LUSTRE/OPERATIVO/OPERATIVO2/modelos2/jasper/intel/2022/1.900.22/include -I/LUSTRE/OPERATIVO/OPERATIVO2/modelos2/curl/intel/2022/7.82.0/include'
ac_cv_env_CPP_set=
ac_cv_env_CPP_value=
ac_cv_env_FCFLAGS_set=set
ac_cv_env_FCFLAGS_value='-diag-disable=10441 -ip -fp-model precise'
ac_cv_env_FC_set=set
ac_cv_env_FC_value=ifort
ac_cv_env_LDFLAGS_set=set
ac_cv_env_LDFLAGS_value='-L/LUSTRE/OPERATIVO/OPERATIVO2/modelos2/zlib/intel/2022/1.2.12/lib -Wl,-rpath=/LUSTRE/OPERATIVO/OPERATIVO2/modelos2/zlib/intel/2022/1.2.12/lib -L/LUSTRE/OPERATIVO/OPERATIVO2/modelos2/netcdf-c/intel/2022/4.8.1/lib -Wl,-rpath=/LUSTRE/OPERATIVO/OPERATIVO2/modelos2/netcdf-c/intel/2022/4.8.1/lib -L/LUSTRE/OPERATIVO/OPERATIVO2/modelos2/libaec/intel/2022/1.0.6/lib -Wl,-rpath=/LUSTRE/OPERATIVO/OPERATIVO2/modelos2/libaec/intel/2022/1.0.6/lib -L/LUSTRE/OPERATIVO/OPERATIVO2/modelos2/hdf5/intel/2022/1.10.8/lib -Wl,-rpath=/LUSTRE/OPERATIVO/OPERATIVO2/modelos2/hdf5/intel/2022/1.10.8/lib -L/LUSTRE/OPERATIVO/OPERATIVO2/modelos2/netcdf-fortran/intel/2022/4.5.4/lib -Wl,-rpath=/LUSTRE/OPERATIVO/OPERATIVO2/modelos2/netcdf-fortran/intel/2022/4.5.4/lib -L/LUSTRE/OPERATIVO/OPERATIVO2/modelos2/libpng/intel/2022/1.6.37/lib -Wl,-rpath=/LUSTRE/OPERATIVO/OPERATIVO2/modelos2/libpng/intel/2022/1.6.37/lib -L/LUSTRE/OPERATIVO/OPERATIVO2/modelos2/jasper/intel/2022/1.900.22/lib -Wl,-rpath=/LUSTRE/OPERATIVO/OPERATIVO2/modelos2/jasper/intel/2022/1.900.22/lib -L/LUSTRE/OPERATIVO/OPERATIVO2/modelos2/curl/intel/2022/7.82.0/lib -Wl,-rpath=/LUSTRE/OPERATIVO/OPERATIVO2/modelos2/curl/intel/2022/7.82.0/lib'
ac_cv_env_LIBS_set=
ac_cv_env_LIBS_value=
ac_cv_env_NC_LIB_set=
ac_cv_env_NC_LIB_value=
ac_cv_env_NETCDF_INC_set=
ac_cv_env_NETCDF_INC_value=
ac_cv_env_NETCDF_ROOT_set=
ac_cv_env_NETCDF_ROOT_value=
ac_cv_env_build_alias_set=
ac_cv_env_build_alias_value=
ac_cv_env_host_alias_set=
ac_cv_env_host_alias_value=
ac_cv_env_target_alias_set=
ac_cv_env_target_alias_value=
ac_cv_fc_compiler_gnu=no
ac_cv_fc_freeform=-FR
ac_cv_objext=o
ac_cv_path_NETCDF_ROOT=/LUSTRE/OPERATIVO/OPERATIVO2/modelos2/netcdf-c/intel/2022/4.8.1/bin/ncdump
ac_cv_path_install='/usr/bin/install -c'
ac_cv_path_mkdir=/usr/bin/mkdir
ac_cv_prog_AWK=gawk
ac_cv_prog_CPP='icc -E'
ac_cv_prog_NETCDF_CONFIG=nf-config
ac_cv_prog_ac_ct_CC=icc
ac_cv_prog_cc_c11=
ac_cv_prog_cc_g=yes
ac_cv_prog_cc_stdc=
ac_cv_prog_fc_g=yes
ac_cv_prog_make_make_set=yes
am_cv_CC_dependencies_compiler_type=none
am_cv_make_support_nested_variables=yes
am_cv_prog_cc_c_o=yes

## ----------------- ##
## Output variables. ##
## ----------------- ##

ACLOCAL='${SHELL} '\''/LUSTRE/ID/FQA/agustin/emis_2018/autoconf/missing'\'' aclocal-1.16'
AMDEPBACKSLASH='\'
AMDEP_FALSE='#'
AMDEP_TRUE=''
AMTAR='$${TAR-tar}'
AM_BACKSLASH='\'
AM_DEFAULT_V='$(AM_DEFAULT_VERBOSITY)'
AM_DEFAULT_VERBOSITY='1'
AM_V='$(V)'
AUTOCONF='${SHELL} '\''/LUSTRE/ID/FQA/agustin/emis_2018/autoconf/missing'\'' autoconf'
AUTOHEADER='${SHELL} '\''/LUSTRE/ID/FQA/agustin/emis_2018/autoconf/missing'\'' autoheader'
AUTOM4TE='${SHELL} '\''/LUSTRE/ID/FQA/agustin/emis_2018/autoconf/missing'\'' autom4te'
AUTOMAKE='${SHELL} '\''/LUSTRE/ID/FQA/agustin/emis_2018/autoconf/missing'\'' automake-1.16'
AWK='gawk'
CC='icc'
CCDEPMODE='depmode=none'
CFLAGS='-diag-disable=10441 -ip -fp-model precise'
CPP='icc -E'
CPPFLAGS='-I/LUSTRE/OPERATIVO/OPERATIVO2/modelos2/zlib/intel/2022/1.2.12/include -I/LUSTRE/OPERATIVO/OPERATIVO2/modelos2/netcdf-c/intel/2022/4.8.1/include -I/LUSTRE/OPERATIVO/OPERATIVO2/modelos2/libaec/intel/2022/1.0.6/include -I/LUSTRE/OPERATIVO/OPERATIVO2/modelos2/hdf5/intel/2022/1.10.8/include -I/LUSTRE/OPERATIVO/OPERATIVO2/modelos2/netcdf-fortran/intel/2022/4.5.4/include -I/LUSTRE/OPERATIVO/OPERATIVO2/modelos2/libpng/intel/2022/1.6.37/include -I/LUSTRE/OPERATIVO/OPERATIVO2/modelos2/jasper/intel/2022/1.900.22/include -I/LUSTRE/OPERATIVO/OPERATIVO2/modelos2/curl/intel/2022/7.82.0/include'
CSCOPE='cscope'
CTAGS='ctags'
CYGPATH_W='echo'
DEFS='-DPACKAGE_NAME=\"DIETE\" -DPACKAGE_TARNAME=\"diete\" -DPACKAGE_VERSION=\"4.0\" -DPACKAGE_STRING=\"DIETE\ 4.0\" -DPACKAGE_BUGREPORT=\"agustin@atmosfera.unam.mx\" -DPACKAGE_URL=\"\" -DPACKAGE=\"diete\" -DVERSION=\"4.0\" -DHAVE_NEWUNIT=1'
DEPDIR='.deps'
ECHO_C=''
ECHO_N='-n'
ECHO_T=''
ETAGS='etags'
EXEEXT=''
FC='ifort'
FCFLAGS='-diag-disable=10441 -ip -fp-model precise -FR -O2'
INSTALL_DATA='${INSTALL} -m 644'
INSTALL_PROGRAM='${INSTALL}'
INSTALL_SCRIPT='${INSTALL}'
INSTALL_STRIP_PROGRAM='$(install_sh) -c -s'
LDFLAGS='-L/LUSTRE/OPERATIVO/OPERATIVO2/modelos2/zlib/intel/2022/1.2.12/lib -Wl,-rpath=/LUSTRE/OPERATIVO/OPERATIVO2/modelos2/zlib/intel/2022/1.2.12/lib -L/LUSTRE/OPERATIVO/OPERATIVO2/modelos2/netcdf-c/intel/2022/4.8.1/lib -Wl,-rpath=/LUSTRE/OPERATIVO/OPERATIVO2/modelos2/netcdf-c/intel/2022/4.8.1/lib -L/LUSTRE/OPERATIVO/OPERATIVO2/modelos2/libaec/intel/2022/1.0.6/lib -Wl,-rpath=/LUSTRE/OPERATIVO/OPERATIVO2/modelos2/libaec/intel/2022/1.0.6/lib -L/LUSTRE/OPERATIVO/OPERATIVO2/modelos2/hdf5/intel/2022/1.10.8/lib -Wl,-rpath=/LUSTRE/OPERATIVO/OPERATIVO2/modelos2/hdf5/intel/2022/1.10.8/lib -L/LUSTRE/OPERATIVO/OPERATIVO2/modelos2/netcdf-fortran/intel/2022/4.5.4/lib -Wl,-rpath=/LUSTRE/OPERATIVO/OPERATIVO2/modelos2/netcdf-fortran/intel/2022/4.5.4/lib -L/LUSTRE/OPERATIVO/OPERATIVO2/modelos2/libpng/intel/2022/1.6.37/lib -Wl,-rpath=/LUSTRE/OPERATIVO/OPERATIVO2/modelos2/libpng/intel/2022/1.6.37/lib -L/LUSTRE/OPERATIVO/OPERATIVO2/modelos2/jasper/intel/2022/1.900.22/lib -Wl,-rpath=/LUSTRE/OPERATIVO/OPERATIVO2/modelos2/jasper/intel/2022/1.900.22/lib -L/LUSTRE/OPERATIVO/OPERATIVO2/modelos2/curl/intel/2022/7.82.0/lib -Wl,-rpath=/LUSTRE/OPERATIVO/OPERATIVO2/modelos2/curl/intel/2022/7.82.0/lib'
LIBOBJS=''
LIBS=''
LN_S='ln -s'
LTLIBOBJS=''
MAKEINFO='${SHELL} '\''/LUSTRE/ID/FQA/agustin/emis_2018/autoconf/missing'\'' makeinfo'
MKDIR_P='/usr/bin/mkdir -p'
NC_FC='ifort '
NC_INC='-I/LUSTRE/OPERATIVO/OPERATIVO2/modelos2/netcdf-c/intel/2022/4.8.1/include'
NC_LIB='-L/LUSTRE/OPERATIVO/OPERATIVO2/modelos2/netcdf-c/intel/2022/4.8.1/lib -lnetcdff -L/LUSTRE/OPERATIVO/OPERATIVO2/modelos2/netcdf-c/intel/2022/4.8.1/lib -Wl,-rpath=/LUSTRE/OPERATIVO/OPERATIVO2/modelos2/netcdf-c/intel/2022/4.8.1/lib -L/LUSTRE/OPERATIVO/OPERATIVO2/modelos2/hdf5/intel/2022/1.10.8/lib -Wl,-rpath=/LUSTRE/OPERATIVO/OPERATIVO2/modelos2/hdf5/intel/2022/1.10.8/lib -L/LUSTRE/OPERATIVO/OPERATIVO2/modelos2/jasper/intel/2022/1.900.22/lib -Wl,-rpath=/LUSTRE/OPERATIVO/OPERATIVO2/modelos2/jasper/intel/2022/1.900.22/lib -L/LUSTRE/OPERATIVO/OPERATIVO2/modelos2/libpng/intel/2022/1.6.37/lib -Wl,-rpath=/LUSTRE/OPERATIVO/OPERATIVO2/modelos2/libpng/intel/2022/1.6.37/lib -L/LUSTRE/OPERATIVO/OPERATIVO2/modelos2/curl/intel/2022/7.82.0/lib -Wl,-rpath=/LUSTRE/OPERATIVO/OPERATIVO2/modelos2/curl/intel/2022/7.82.0/lib -L/LUSTRE/OPERATIVO/OPERATIVO2/modelos2/libaec/intel/2022/1.0.6/lib -Wl,-rpath=/LUSTRE/OPERATIVO/OPERATIVO2/modelos2/libaec/intel/2022/1.0.6/lib -L/LUSTRE/OPERATIVO/OPERATIVO2/modelos2/zlib/intel/2022/1.2.12/lib -Wl,-rpath=/LUSTRE/OPERATIVO/OPERATIVO2/modelos2/zlib/intel/2022/1.2.12/lib -lnetcdf -lnetcdf -lm '
NETCDF_CONFIG='nf-config'
NETCDF_INC='/LUSTRE/OPERATIVO/OPERATIVO2/modelos2/netcdf-c/intel/2022/4.8.1/include'
NETCDF_ROOT='/LUSTRE/OPERATIVO/OPERATIVO2/modelos2/netcdf-c/intel/2022/4.8.1'
OBJEXT='o'
OPENMP_FCFLAGS=''
PACKAGE='diete'
PACKAGE_BUGREPORT='agustin@atmosfera.unam.mx'
PACKAGE_NAME='DIETE'
PACKAGE_STRING='DIETE 4.0'
PACKAGE_TARNAME='diete'
PACKAGE_URL=''
PACKAGE_VERSION='4.0'
PATH_SEPARATOR=':'
SET_MAKE=''
SHELL='/bin/bash'
STRIP=''
VERSION='4.0'
WITH_GFOR_FALSE=''
WITH_GFOR_TRUE='#'
WITH_OMPI_FALSE=''
WITH_OMPI_TRUE='#'
WITH_PGI_FALSE=''
WITH_PGI_TRUE='#'
WITH_R4_FALSE=''
WITH_R4_TRUE='#'
ac_ct_CC='icc'
ac_ct_FC=''
am__EXEEXT_FALSE=''
am__EXEEXT_TRUE='#'
am__fastdepCC_FALSE=''
am__fastdepCC_TRUE='#'
am__include='include'
am__isrc=''
am__leading_dot='.'
am__nodep='_no'
am__quote=''
am__tar='$${TAR-tar} chof - "$$tardir"'
am__untar='$${TAR-tar} xf -'
bindir='${exec_prefix}/bin'
build_alias=''
datadir='${datarootdir}'
datarootdir='${prefix}/share'
docdir='${datarootdir}/doc/${PACKAGE_TARNAME}'
dvidir='${docdir}'
exec_prefix='${prefix}'
host_alias=''
htmldir='${docdir}'
includedir='${prefix}/include'
infodir='${datarootdir}/info'
install_sh='${SHELL} /LUSTRE/ID/FQA/agustin/emis_2018/autoconf/install-sh'
libdir='${exec_prefix}/lib'
libexecdir='${exec_prefix}/libexec'
localedir='${datarootdir}/locale'
localstatedir='${prefix}/var'
mandir='${datarootdir}/man'
mkdir_p='$(MKDIR_P)'
oldincludedir='/usr/include'
pdfdir='${docdir}'
prefix='/LUSTRE/ID/FQA/agustin/emis_2018'
program_transform_name='s,x,x,'
psdir='${docdir}'
runstatedir='${localstatedir}/run'
sbindir='${exec_prefix}/sbin'
sharedstatedir='${prefix}/com'
sysconfdir='${prefix}/etc'
target_alias=''

## ----------- ##
## confdefs.h. ##
## ----------- ##

/* confdefs.h */
#define PACKAGE_NAME "DIETE"
#define PACKAGE_TARNAME "diete"
#define PACKAGE_VERSION "4.0"
#define PACKAGE_STRING "DIETE 4.0"
#define PACKAGE_BUGREPORT "agustin@atmosfera.unam.mx"
#define PACKAGE_URL ""
#define PACKAGE "diete"
#define VERSION "4.0"
#define HAVE_NEWUNIT 1

configure: exit 0
